[0m14:37:06.003846 [debug] [MainThread]: Sending event: {'category': 'dbt', 'action': 'invocation', 'label': 'start', 'context': [<snowplow_tracker.self_describing_json.SelfDescribingJson object at 0x1073588e0>, <snowplow_tracker.self_describing_json.SelfDescribingJson object at 0x118d81eb0>, <snowplow_tracker.self_describing_json.SelfDescribingJson object at 0x118d668e0>]}


============================== 14:37:06.129780 | 5fdb5874-0ee0-4a0b-a9f2-76fd1e8b8692 ==============================
[0m14:37:06.129780 [info ] [MainThread]: Running with dbt=1.10.20
[0m14:37:06.130223 [debug] [MainThread]: running dbt with arguments {'use_experimental_parser': 'False', 'warn_error': 'None', 'indirect_selection': 'eager', 'warn_error_options': 'WarnErrorOptionsV2(error=[], warn=[], silence=[])', 'quiet': 'False', 'version_check': 'True', 'profiles_dir': '/Users/helloklow/.dbt', 'write_json': 'True', 'debug': 'False', 'send_anonymous_usage_stats': 'True', 'static_parser': 'True', 'introspect': 'True', 'log_format': 'default', 'invocation_command': 'dbt init transforms', 'cache_selected_only': 'False', 'target_path': 'None', 'no_print': 'None', 'log_path': 'logs', 'printer_width': '80', 'empty': 'None', 'fail_fast': 'False', 'partial_parse': 'True', 'use_colors': 'True', 'log_cache_events': 'False'}
[0m14:37:06.148482 [info ] [MainThread]: Creating dbt configuration folder at /Users/helloklow/.dbt
[0m14:37:06.151301 [info ] [MainThread]: A project called transforms already exists here.
[0m14:37:06.154623 [debug] [MainThread]: Resource report: {"command_name": "init", "command_success": true, "command_wall_clock_time": 0.18775633, "process_in_blocks": "0", "process_kernel_time": 0.08797, "process_mem_max_rss": "107216896", "process_out_blocks": "0", "process_user_time": 0.630555}
[0m14:37:06.154995 [debug] [MainThread]: Command `dbt init` succeeded at 14:37:06.154922 after 0.19 seconds
[0m14:37:06.155256 [debug] [MainThread]: Sending event: {'category': 'dbt', 'action': 'invocation', 'label': 'end', 'context': [<snowplow_tracker.self_describing_json.SelfDescribingJson object at 0x1073588e0>, <snowplow_tracker.self_describing_json.SelfDescribingJson object at 0x118d589d0>, <snowplow_tracker.self_describing_json.SelfDescribingJson object at 0x118d58b20>]}
[0m14:37:06.155509 [debug] [MainThread]: Flushing usage events
[0m14:37:07.620133 [debug] [MainThread]: An error was encountered while trying to flush usage events
[0m14:37:42.411262 [debug] [MainThread]: Sending event: {'category': 'dbt', 'action': 'invocation', 'label': 'start', 'context': [<snowplow_tracker.self_describing_json.SelfDescribingJson object at 0x105e93910>, <snowplow_tracker.self_describing_json.SelfDescribingJson object at 0x106ebceb0>, <snowplow_tracker.self_describing_json.SelfDescribingJson object at 0x106ebcc70>]}


============================== 14:37:42.414026 | b065497d-d966-4319-b9cc-36c1a7a823bc ==============================
[0m14:37:42.414026 [info ] [MainThread]: Running with dbt=1.10.20
[0m14:37:42.414349 [debug] [MainThread]: running dbt with arguments {'log_cache_events': 'False', 'use_experimental_parser': 'False', 'warn_error_options': 'WarnErrorOptionsV2(error=[], warn=[], silence=[])', 'profiles_dir': '/Users/helloklow/.dbt', 'static_parser': 'True', 'quiet': 'False', 'fail_fast': 'False', 'debug': 'False', 'send_anonymous_usage_stats': 'True', 'write_json': 'True', 'invocation_command': 'dbt init transforms', 'log_format': 'default', 'log_path': 'logs', 'no_print': 'None', 'warn_error': 'None', 'cache_selected_only': 'False', 'empty': 'None', 'partial_parse': 'True', 'printer_width': '80', 'indirect_selection': 'eager', 'use_colors': 'True', 'target_path': 'None', 'introspect': 'True', 'version_check': 'True'}
[0m14:37:42.422150 [debug] [MainThread]: Starter project path: /opt/miniconda3/envs/isp-churn/lib/python3.9/site-packages/dbt/include/starter_project
[0m14:37:42.426264 [info ] [MainThread]: 
Your new dbt project "transforms" was created!

For more information on how to configure the profiles.yml file,
please consult the dbt documentation here:

  https://docs.getdbt.com/docs/configure-your-profile

One more thing:

Need help? Don't hesitate to reach out to us via GitHub issues or on Slack:

  https://community.getdbt.com/

Happy modeling!

[0m14:37:42.426516 [info ] [MainThread]: Setting up your profile.
[0m14:38:09.776424 [info ] [MainThread]: Profile transforms written to /Users/helloklow/.dbt/profiles.yml using target's sample configuration. Once updated, you'll be able to start developing with dbt.
[0m14:38:09.778490 [debug] [MainThread]: Resource report: {"command_name": "init", "command_success": true, "command_wall_clock_time": 27.404755, "process_in_blocks": "0", "process_kernel_time": 0.108341, "process_mem_max_rss": "121438208", "process_out_blocks": "0", "process_user_time": 0.668719}
[0m14:38:09.778816 [debug] [MainThread]: Command `dbt init` succeeded at 14:38:09.778749 after 27.41 seconds
[0m14:38:09.779069 [debug] [MainThread]: Sending event: {'category': 'dbt', 'action': 'invocation', 'label': 'end', 'context': [<snowplow_tracker.self_describing_json.SelfDescribingJson object at 0x105e93910>, <snowplow_tracker.self_describing_json.SelfDescribingJson object at 0x106f5bee0>, <snowplow_tracker.self_describing_json.SelfDescribingJson object at 0x106e372b0>]}
[0m14:38:09.779326 [debug] [MainThread]: Flushing usage events
[0m14:38:10.613650 [debug] [MainThread]: An error was encountered while trying to flush usage events
